<?xml version="1.0" encoding="UTF-8"?>
<!-- Generated by org.testng.reporters.JUnitReportReporter -->
<testsuite hostname="LOG-BOM-145" failures="0" tests="6" name="Com.Enabill.Tests.EnabillloginTest" time="19.095" errors="0" timestamp="2024-01-14T13:44:46 IST" skipped="0">
  <testcase classname="Com.Enabill.Tests.EnabillloginTest" name="TestCaes1" time="2.589"/>
  <system-out/>
  <testcase classname="Com.Enabill.Tests.EnabillloginTest" name="TestCaes2" time="0.794"/>
  <system-out/>
  <testcase classname="Com.Enabill.Tests.EnabillloginTest" name="TestCaes3" time="14.195"/>
  <system-out/>
  <testcase classname="Com.Enabill.Tests.EnabillloginTest" name="TestCaes4" time="0.765"/>
  <system-out/>
  <testcase classname="Com.Enabill.Tests.EnabillloginTest" name="TestCaes5" time="0.385"/>
  <system-out/>
  <testcase classname="Com.Enabill.Tests.EnabillloginTest" name="TestCaes6" time="0.367"/>
  <system-out/>
</testsuite> <!-- Com.Enabill.Tests.EnabillloginTest -->
