<?xml version="1.0" encoding="UTF-8"?>
<!-- Generated by org.testng.reporters.JUnitReportReporter -->
<testsuite hostname="LOG-BOM-145" failures="0" tests="6" name="Com.Enabill.Tests.EnabillloginTest" time="8.026" errors="0" timestamp="2024-01-14T14:40:18 IST" skipped="0">
  <testcase classname="Com.Enabill.Tests.EnabillloginTest" name="TestCaes1" time="1.650"/>
  <testcase classname="Com.Enabill.Tests.EnabillloginTest" name="TestCaes2" time="0.693"/>
  <testcase classname="Com.Enabill.Tests.EnabillloginTest" name="TestCaes3" time="4.376"/>
  <testcase classname="Com.Enabill.Tests.EnabillloginTest" name="TestCaes4" time="0.692"/>
  <testcase classname="Com.Enabill.Tests.EnabillloginTest" name="TestCaes5" time="0.317"/>
  <testcase classname="Com.Enabill.Tests.EnabillloginTest" name="TestCaes6" time="0.298"/>
</testsuite> <!-- Com.Enabill.Tests.EnabillloginTest -->
